<?xml version="1.0" encoding="UTF-8"?>
<coverage generated="1633138569609" clover="3.2.0">
  <project timestamp="1633138569609" name="All files">
    <metrics statements="45" coveredstatements="37" conditionals="27" coveredconditionals="24" methods="10" coveredmethods="9" elements="82" coveredelements="70" complexity="0" loc="45" ncloc="45" packages="1" files="3" classes="3"/>
    <file name="MathBasic.js" path="/home/diki/Documents/data/learn-programming/nodejs/automation-testing/src/MathBasic.js">
      <metrics statements="26" coveredstatements="26" conditionals="24" coveredconditionals="24" methods="4" coveredmethods="4"/>
      <line num="1" count="1" type="stmt"/>
      <line num="3" count="10" type="cond" truecount="2" falsecount="0"/>
      <line num="4" count="4" type="stmt"/>
      <line num="7" count="6" type="stmt"/>
      <line num="9" count="6" type="cond" truecount="4" falsecount="0"/>
      <line num="10" count="3" type="stmt"/>
      <line num="13" count="3" type="stmt"/>
      <line num="16" count="10" type="cond" truecount="2" falsecount="0"/>
      <line num="17" count="4" type="stmt"/>
      <line num="19" count="6" type="stmt"/>
      <line num="21" count="6" type="cond" truecount="4" falsecount="0"/>
      <line num="22" count="3" type="stmt"/>
      <line num="25" count="3" type="stmt"/>
      <line num="28" count="10" type="cond" truecount="2" falsecount="0"/>
      <line num="29" count="4" type="stmt"/>
      <line num="32" count="6" type="stmt"/>
      <line num="34" count="6" type="cond" truecount="4" falsecount="0"/>
      <line num="35" count="3" type="stmt"/>
      <line num="38" count="3" type="stmt"/>
      <line num="41" count="10" type="cond" truecount="2" falsecount="0"/>
      <line num="42" count="4" type="stmt"/>
      <line num="45" count="6" type="stmt"/>
      <line num="47" count="6" type="cond" truecount="4" falsecount="0"/>
      <line num="48" count="3" type="stmt"/>
      <line num="51" count="3" type="stmt"/>
      <line num="55" count="1" type="stmt"/>
    </file>
    <file name="Rocket.js" path="/home/diki/Documents/data/learn-programming/nodejs/automation-testing/src/Rocket.js">
      <metrics statements="3" coveredstatements="3" conditionals="0" coveredconditionals="0" methods="1" coveredmethods="1"/>
      <line num="3" count="4" type="stmt"/>
      <line num="4" count="4" type="stmt"/>
      <line num="8" count="1" type="stmt"/>
    </file>
    <file name="RocketLauncher.js" path="/home/diki/Documents/data/learn-programming/nodejs/automation-testing/src/RocketLauncher.js">
      <metrics statements="16" coveredstatements="8" conditionals="3" coveredconditionals="0" methods="5" coveredmethods="4"/>
      <line num="3" count="2" type="stmt"/>
      <line num="4" count="2" type="stmt"/>
      <line num="8" count="1" type="stmt"/>
      <line num="9" count="2" type="stmt"/>
      <line num="12" count="1" type="stmt"/>
      <line num="16" count="1" type="stmt"/>
      <line num="17" count="1" type="stmt"/>
      <line num="21" count="0" type="stmt"/>
      <line num="23" count="0" type="stmt"/>
      <line num="24" count="0" type="stmt"/>
      <line num="25" count="0" type="stmt"/>
      <line num="27" count="0" type="stmt"/>
      <line num="31" count="0" type="cond" truecount="0" falsecount="2"/>
      <line num="32" count="0" type="stmt"/>
      <line num="35" count="0" type="stmt"/>
      <line num="39" count="1" type="stmt"/>
    </file>
  </project>
</coverage>
