{"/home/diki/Documents/data/learn-programming/nodejs/automation-testing/src/MathBasic.js": {"path":"/home/diki/Documents/data/learn-programming/nodejs/automation-testing/src/MathBasic.js","statementMap":{"0":{"start":{"line":1,"column":18},"end":{"line":53,"column":1}},"1":{"start":{"line":3,"column":8},"end":{"line":5,"column":9}},"2":{"start":{"line":4,"column":12},"end":{"line":4,"column":71}},"3":{"start":{"line":7,"column":23},"end":{"line":7,"column":27}},"4":{"start":{"line":9,"column":8},"end":{"line":11,"column":9}},"5":{"start":{"line":10,"column":12},"end":{"line":10,"column":70}},"6":{"start":{"line":13,"column":8},"end":{"line":13,"column":21}},"7":{"start":{"line":16,"column":8},"end":{"line":18,"column":9}},"8":{"start":{"line":17,"column":12},"end":{"line":17,"column":76}},"9":{"start":{"line":19,"column":23},"end":{"line":19,"column":27}},"10":{"start":{"line":21,"column":8},"end":{"line":23,"column":9}},"11":{"start":{"line":22,"column":12},"end":{"line":22,"column":70}},"12":{"start":{"line":25,"column":8},"end":{"line":25,"column":21}},"13":{"start":{"line":28,"column":8},"end":{"line":30,"column":9}},"14":{"start":{"line":29,"column":12},"end":{"line":29,"column":76}},"15":{"start":{"line":32,"column":23},"end":{"line":32,"column":27}},"16":{"start":{"line":34,"column":8},"end":{"line":36,"column":9}},"17":{"start":{"line":35,"column":12},"end":{"line":35,"column":70}},"18":{"start":{"line":38,"column":8},"end":{"line":38,"column":21}},"19":{"start":{"line":41,"column":8},"end":{"line":43,"column":9}},"20":{"start":{"line":42,"column":12},"end":{"line":42,"column":76}},"21":{"start":{"line":45,"column":23},"end":{"line":45,"column":27}},"22":{"start":{"line":47,"column":8},"end":{"line":49,"column":9}},"23":{"start":{"line":48,"column":12},"end":{"line":48,"column":70}},"24":{"start":{"line":51,"column":8},"end":{"line":51,"column":21}},"25":{"start":{"line":55,"column":0},"end":{"line":55,"column":27}}},"fnMap":{"0":{"name":"(anonymous_0)","decl":{"start":{"line":2,"column":9},"end":{"line":2,"column":10}},"loc":{"start":{"line":2,"column":22},"end":{"line":14,"column":5}},"line":2},"1":{"name":"(anonymous_1)","decl":{"start":{"line":15,"column":14},"end":{"line":15,"column":15}},"loc":{"start":{"line":15,"column":27},"end":{"line":26,"column":5}},"line":15},"2":{"name":"(anonymous_2)","decl":{"start":{"line":27,"column":14},"end":{"line":27,"column":15}},"loc":{"start":{"line":27,"column":27},"end":{"line":39,"column":5}},"line":27},"3":{"name":"(anonymous_3)","decl":{"start":{"line":40,"column":12},"end":{"line":40,"column":13}},"loc":{"start":{"line":40,"column":25},"end":{"line":52,"column":5}},"line":40}},"branchMap":{"0":{"loc":{"start":{"line":3,"column":8},"end":{"line":5,"column":9}},"type":"if","locations":[{"start":{"line":3,"column":8},"end":{"line":5,"column":9}},{"start":{"line":3,"column":8},"end":{"line":5,"column":9}}],"line":3},"1":{"loc":{"start":{"line":9,"column":8},"end":{"line":11,"column":9}},"type":"if","locations":[{"start":{"line":9,"column":8},"end":{"line":11,"column":9}},{"start":{"line":9,"column":8},"end":{"line":11,"column":9}}],"line":9},"2":{"loc":{"start":{"line":9,"column":12},"end":{"line":9,"column":58}},"type":"binary-expr","locations":[{"start":{"line":9,"column":12},"end":{"line":9,"column":33}},{"start":{"line":9,"column":37},"end":{"line":9,"column":58}}],"line":9},"3":{"loc":{"start":{"line":16,"column":8},"end":{"line":18,"column":9}},"type":"if","locations":[{"start":{"line":16,"column":8},"end":{"line":18,"column":9}},{"start":{"line":16,"column":8},"end":{"line":18,"column":9}}],"line":16},"4":{"loc":{"start":{"line":21,"column":8},"end":{"line":23,"column":9}},"type":"if","locations":[{"start":{"line":21,"column":8},"end":{"line":23,"column":9}},{"start":{"line":21,"column":8},"end":{"line":23,"column":9}}],"line":21},"5":{"loc":{"start":{"line":21,"column":12},"end":{"line":21,"column":58}},"type":"binary-expr","locations":[{"start":{"line":21,"column":12},"end":{"line":21,"column":33}},{"start":{"line":21,"column":37},"end":{"line":21,"column":58}}],"line":21},"6":{"loc":{"start":{"line":28,"column":8},"end":{"line":30,"column":9}},"type":"if","locations":[{"start":{"line":28,"column":8},"end":{"line":30,"column":9}},{"start":{"line":28,"column":8},"end":{"line":30,"column":9}}],"line":28},"7":{"loc":{"start":{"line":34,"column":8},"end":{"line":36,"column":9}},"type":"if","locations":[{"start":{"line":34,"column":8},"end":{"line":36,"column":9}},{"start":{"line":34,"column":8},"end":{"line":36,"column":9}}],"line":34},"8":{"loc":{"start":{"line":34,"column":12},"end":{"line":34,"column":58}},"type":"binary-expr","locations":[{"start":{"line":34,"column":12},"end":{"line":34,"column":33}},{"start":{"line":34,"column":37},"end":{"line":34,"column":58}}],"line":34},"9":{"loc":{"start":{"line":41,"column":8},"end":{"line":43,"column":9}},"type":"if","locations":[{"start":{"line":41,"column":8},"end":{"line":43,"column":9}},{"start":{"line":41,"column":8},"end":{"line":43,"column":9}}],"line":41},"10":{"loc":{"start":{"line":47,"column":8},"end":{"line":49,"column":9}},"type":"if","locations":[{"start":{"line":47,"column":8},"end":{"line":49,"column":9}},{"start":{"line":47,"column":8},"end":{"line":49,"column":9}}],"line":47},"11":{"loc":{"start":{"line":47,"column":12},"end":{"line":47,"column":58}},"type":"binary-expr","locations":[{"start":{"line":47,"column":12},"end":{"line":47,"column":33}},{"start":{"line":47,"column":37},"end":{"line":47,"column":58}}],"line":47}},"s":{"0":1,"1":10,"2":4,"3":6,"4":6,"5":3,"6":3,"7":10,"8":4,"9":6,"10":6,"11":3,"12":3,"13":10,"14":4,"15":6,"16":6,"17":3,"18":3,"19":10,"20":4,"21":6,"22":6,"23":3,"24":3,"25":1},"f":{"0":10,"1":10,"2":10,"3":10},"b":{"0":[4,6],"1":[3,3],"2":[6,3],"3":[4,6],"4":[3,3],"5":[6,3],"6":[4,6],"7":[3,3],"8":[6,3],"9":[4,6],"10":[3,3],"11":[6,3]},"_coverageSchema":"1a1c01bbd47fc00a2c39e90264f33305004495a9","hash":"6d8fa99e5d44b93395d4291912c68fb8bae01433"}
,"/home/diki/Documents/data/learn-programming/nodejs/automation-testing/src/Rocket.js": {"path":"/home/diki/Documents/data/learn-programming/nodejs/automation-testing/src/Rocket.js","statementMap":{"0":{"start":{"line":3,"column":6},"end":{"line":3,"column":23}},"1":{"start":{"line":4,"column":6},"end":{"line":4,"column":37}},"2":{"start":{"line":8,"column":0},"end":{"line":8,"column":24}}},"fnMap":{"0":{"name":"(anonymous_0)","decl":{"start":{"line":2,"column":4},"end":{"line":2,"column":5}},"loc":{"start":{"line":2,"column":22},"end":{"line":5,"column":5}},"line":2}},"branchMap":{},"s":{"0":4,"1":4,"2":1},"f":{"0":4},"b":{},"_coverageSchema":"1a1c01bbd47fc00a2c39e90264f33305004495a9","hash":"54004180f8b39939fa2c9f586075d7f2e12f73f0"}
,"/home/diki/Documents/data/learn-programming/nodejs/automation-testing/src/RocketLauncher.js": {"path":"/home/diki/Documents/data/learn-programming/nodejs/automation-testing/src/RocketLauncher.js","statementMap":{"0":{"start":{"line":3,"column":6},"end":{"line":3,"column":33}},"1":{"start":{"line":4,"column":6},"end":{"line":4,"column":29}},"2":{"start":{"line":8,"column":6},"end":{"line":10,"column":9}},"3":{"start":{"line":9,"column":8},"end":{"line":9,"column":39}},"4":{"start":{"line":12,"column":6},"end":{"line":12,"column":24}},"5":{"start":{"line":16,"column":21},"end":{"line":16,"column":41}},"6":{"start":{"line":17,"column":6},"end":{"line":17,"column":37}},"7":{"start":{"line":21,"column":30},"end":{"line":21,"column":31}},"8":{"start":{"line":23,"column":6},"end":{"line":29,"column":7}},"9":{"start":{"line":24,"column":8},"end":{"line":28,"column":9}},"10":{"start":{"line":25,"column":10},"end":{"line":25,"column":46}},"11":{"start":{"line":27,"column":10},"end":{"line":27,"column":30}},"12":{"start":{"line":31,"column":6},"end":{"line":33,"column":7}},"13":{"start":{"line":32,"column":8},"end":{"line":32,"column":38}},"14":{"start":{"line":35,"column":6},"end":{"line":35,"column":95}},"15":{"start":{"line":39,"column":2},"end":{"line":39,"column":34}}},"fnMap":{"0":{"name":"(anonymous_0)","decl":{"start":{"line":2,"column":4},"end":{"line":2,"column":5}},"loc":{"start":{"line":2,"column":41},"end":{"line":5,"column":5}},"line":2},"1":{"name":"(anonymous_1)","decl":{"start":{"line":7,"column":4},"end":{"line":7,"column":5}},"loc":{"start":{"line":7,"column":23},"end":{"line":13,"column":5}},"line":7},"2":{"name":"(anonymous_2)","decl":{"start":{"line":8,"column":27},"end":{"line":8,"column":28}},"loc":{"start":{"line":8,"column":39},"end":{"line":10,"column":7}},"line":8},"3":{"name":"(anonymous_3)","decl":{"start":{"line":15,"column":4},"end":{"line":15,"column":5}},"loc":{"start":{"line":15,"column":26},"end":{"line":18,"column":5}},"line":15},"4":{"name":"(anonymous_4)","decl":{"start":{"line":20,"column":4},"end":{"line":20,"column":5}},"loc":{"start":{"line":20,"column":29},"end":{"line":36,"column":5}},"line":20}},"branchMap":{"0":{"loc":{"start":{"line":2,"column":27},"end":{"line":2,"column":39}},"type":"default-arg","locations":[{"start":{"line":2,"column":37},"end":{"line":2,"column":39}}],"line":2},"1":{"loc":{"start":{"line":31,"column":6},"end":{"line":33,"column":7}},"type":"if","locations":[{"start":{"line":31,"column":6},"end":{"line":33,"column":7}},{"start":{"line":31,"column":6},"end":{"line":33,"column":7}}],"line":31}},"s":{"0":2,"1":2,"2":1,"3":2,"4":1,"5":1,"6":1,"7":0,"8":0,"9":0,"10":0,"11":0,"12":0,"13":0,"14":0,"15":1},"f":{"0":2,"1":1,"2":2,"3":1,"4":0},"b":{"0":[0],"1":[0,0]},"_coverageSchema":"1a1c01bbd47fc00a2c39e90264f33305004495a9","hash":"04b5d93ed1720d80ff3a18982bc449ea752e30ea"}
}
