TN:
SF:src/FigureCalculator.js
FN:2,(anonymous_0)
FN:6,(anonymous_1)
FN:20,(anonymous_2)
FN:34,(anonymous_3)
FN:47,(anonymous_4)
FNF:5
FNH:5
FNDA:17,(anonymous_0)
FNDA:8,(anonymous_1)
FNDA:8,(anonymous_2)
FNDA:8,(anonymous_3)
FNDA:8,(anonymous_4)
DA:3,17
DA:7,8
DA:8,3
DA:11,5
DA:13,5
DA:14,3
DA:18,2
DA:21,8
DA:22,3
DA:25,5
DA:27,5
DA:28,3
DA:32,2
DA:35,8
DA:36,6
DA:39,2
DA:41,2
DA:42,0
DA:45,2
DA:48,8
DA:49,3
DA:52,5
DA:54,5
DA:55,3
DA:58,2
DA:62,2
LF:26
LH:25
BRDA:7,0,0,3
BRDA:7,0,1,5
BRDA:13,1,0,3
BRDA:13,1,1,2
BRDA:13,2,0,5
BRDA:13,2,1,2
BRDA:21,3,0,3
BRDA:21,3,1,5
BRDA:27,4,0,3
BRDA:27,4,1,2
BRDA:27,5,0,5
BRDA:27,5,1,2
BRDA:35,6,0,6
BRDA:35,6,1,2
BRDA:41,7,0,0
BRDA:41,7,1,2
BRDA:41,8,0,2
BRDA:41,8,1,2
BRDA:41,8,2,2
BRDA:48,9,0,3
BRDA:48,9,1,5
BRDA:54,10,0,3
BRDA:54,10,1,2
BRDA:54,11,0,5
BRDA:54,11,1,2
BRF:25
BRH:24
end_of_record
TN:
SF:src/MathBasic.js
FN:2,(anonymous_0)
FN:15,(anonymous_1)
FN:27,(anonymous_2)
FN:40,(anonymous_3)
FNF:4
FNH:4
FNDA:17,(anonymous_0)
FNDA:11,(anonymous_1)
FNDA:17,(anonymous_2)
FNDA:13,(anonymous_3)
DA:1,3
DA:3,17
DA:4,4
DA:7,13
DA:9,13
DA:10,3
DA:13,10
DA:16,11
DA:17,4
DA:19,7
DA:21,7
DA:22,3
DA:25,4
DA:28,17
DA:29,4
DA:32,13
DA:34,13
DA:35,3
DA:38,10
DA:41,13
DA:42,4
DA:45,9
DA:47,9
DA:48,3
DA:51,6
DA:55,3
LF:26
LH:26
BRDA:3,0,0,4
BRDA:3,0,1,13
BRDA:9,1,0,3
BRDA:9,1,1,10
BRDA:9,2,0,13
BRDA:9,2,1,10
BRDA:16,3,0,4
BRDA:16,3,1,7
BRDA:21,4,0,3
BRDA:21,4,1,4
BRDA:21,5,0,7
BRDA:21,5,1,4
BRDA:28,6,0,4
BRDA:28,6,1,13
BRDA:34,7,0,3
BRDA:34,7,1,10
BRDA:34,8,0,13
BRDA:34,8,1,10
BRDA:41,9,0,4
BRDA:41,9,1,9
BRDA:47,10,0,3
BRDA:47,10,1,6
BRDA:47,11,0,9
BRDA:47,11,1,6
BRF:24
BRH:24
end_of_record
TN:
SF:src/createServer.js
FN:3,(anonymous_0)
FN:13,(anonymous_1)
FN:22,(anonymous_2)
FN:31,(anonymous_3)
FN:40,(anonymous_4)
FN:49,(anonymous_5)
FN:58,(anonymous_6)
FN:67,(anonymous_7)
FN:78,(anonymous_8)
FNF:9
FNH:9
FNDA:8,(anonymous_0)
FNDA:1,(anonymous_1)
FNDA:1,(anonymous_2)
FNDA:1,(anonymous_3)
FNDA:1,(anonymous_4)
FNDA:1,(anonymous_5)
FNDA:1,(anonymous_6)
FNDA:1,(anonymous_7)
FNDA:1,(anonymous_8)
DA:1,1
DA:3,1
DA:4,8
DA:9,8
DA:14,1
DA:15,1
DA:16,1
DA:23,1
DA:24,1
DA:25,1
DA:32,1
DA:33,1
DA:34,1
DA:41,1
DA:42,1
DA:43,1
DA:50,1
DA:51,1
DA:52,1
DA:59,1
DA:60,1
DA:61,1
DA:68,1
DA:69,1
DA:72,1
DA:79,1
DA:80,1
DA:81,1
DA:87,8
DA:90,1
LF:30
LH:30
BRF:0
BRH:0
end_of_record
TN:
SF:src/Rocket/Rocket.js
FN:2,(anonymous_0)
FNF:1
FNH:1
FNDA:8,(anonymous_0)
DA:3,8
DA:4,8
DA:8,1
LF:3
LH:3
BRF:0
BRH:0
end_of_record
TN:
SF:src/Rocket/RocketLauncher.js
FN:2,(anonymous_0)
FN:7,(anonymous_1)
FN:8,(anonymous_2)
FN:15,(anonymous_3)
FN:20,(anonymous_4)
FNF:5
FNH:5
FNDA:5,(anonymous_0)
FNDA:1,(anonymous_1)
FNDA:2,(anonymous_2)
FNDA:1,(anonymous_3)
FNDA:3,(anonymous_4)
DA:3,5
DA:4,5
DA:8,1
DA:9,2
DA:12,1
DA:16,1
DA:17,1
DA:21,3
DA:23,3
DA:24,5
DA:25,5
DA:27,2
DA:31,3
DA:32,1
DA:35,2
DA:39,1
LF:16
LH:16
BRDA:2,0,0,0
BRDA:31,1,0,1
BRDA:31,1,1,2
BRF:3
BRH:2
end_of_record
TN:
SF:src/Rocket/RocketRepairKit.js
FN:6,(anonymous_0)
FN:12,(anonymous_1)
FN:17,(anonymous_2)
FN:18,(anonymous_3)
FNF:4
FNH:4
FNDA:1,(anonymous_0)
FNDA:2,(anonymous_1)
FNDA:2,(anonymous_2)
FNDA:2,(anonymous_3)
DA:7,1
DA:8,1
DA:9,1
DA:17,2
DA:18,2
DA:19,2
DA:25,1
LF:7
LH:7
BRF:0
BRH:0
end_of_record
