TN:
SF:src/MathBasic.js
FN:2,(anonymous_0)
FN:15,(anonymous_1)
FN:27,(anonymous_2)
FN:40,(anonymous_3)
FNF:4
FNH:4
FNDA:10,(anonymous_0)
FNDA:10,(anonymous_1)
FNDA:10,(anonymous_2)
FNDA:10,(anonymous_3)
DA:1,1
DA:3,10
DA:4,4
DA:7,6
DA:9,6
DA:10,3
DA:13,3
DA:16,10
DA:17,4
DA:19,6
DA:21,6
DA:22,3
DA:25,3
DA:28,10
DA:29,4
DA:32,6
DA:34,6
DA:35,3
DA:38,3
DA:41,10
DA:42,4
DA:45,6
DA:47,6
DA:48,3
DA:51,3
DA:55,1
LF:26
LH:26
BRDA:3,0,0,4
BRDA:3,0,1,6
BRDA:9,1,0,3
BRDA:9,1,1,3
BRDA:9,2,0,6
BRDA:9,2,1,3
BRDA:16,3,0,4
BRDA:16,3,1,6
BRDA:21,4,0,3
BRDA:21,4,1,3
BRDA:21,5,0,6
BRDA:21,5,1,3
BRDA:28,6,0,4
BRDA:28,6,1,6
BRDA:34,7,0,3
BRDA:34,7,1,3
BRDA:34,8,0,6
BRDA:34,8,1,3
BRDA:41,9,0,4
BRDA:41,9,1,6
BRDA:47,10,0,3
BRDA:47,10,1,3
BRDA:47,11,0,6
BRDA:47,11,1,3
BRF:24
BRH:24
end_of_record
